<?xml version="1.0" encoding="UTF-8"?>
<testsuite name="ETLTest" tests="4" skipped="0" failures="0" errors="0" timestamp="2021-05-28T15:53:49" hostname="shadow.local" time="0.013">
  <properties/>
  <testcase name="multiple scores with differing numbers of letters" classname="ETLTest" time="0.012"/>
  <testcase name="multiple scores with multiple letters" classname="ETLTest" time="0.0"/>
  <testcase name="single score with multiple letters" classname="ETLTest" time="0.0"/>
  <testcase name="single letter" classname="ETLTest" time="0.0"/>
  <system-out><![CDATA[]]></system-out>
  <system-err><![CDATA[]]></system-err>
</testsuite>
