<?xml version="1.0" encoding="UTF-8"?>
<testsuite name="CollatzCalculatorTest" tests="6" skipped="0" failures="0" errors="0" timestamp="2021-05-28T21:19:20" hostname="shadow.local" time="0.007">
  <properties/>
  <testcase name="even and odd steps" classname="CollatzCalculatorTest" time="0.006"/>
  <testcase name="invalid input | zero" classname="CollatzCalculatorTest" time="0.0"/>
  <testcase name="divide if even" classname="CollatzCalculatorTest" time="0.0"/>
  <testcase name="invalid input | negative" classname="CollatzCalculatorTest" time="0.0"/>
  <testcase name="zero steps for 1" classname="CollatzCalculatorTest" time="0.0"/>
  <testcase name="large number of even and odd steps" classname="CollatzCalculatorTest" time="0.0"/>
  <system-out><![CDATA[]]></system-out>
  <system-err><![CDATA[]]></system-err>
</testsuite>
